# JRE version: Java(TM) SE Runtime Environment (8.0_202-b08) (build 1.8.0_202-b08)
# Java VM: Java HotSpot(TM) Client VM (25.202-b08 mixed mode windows-x86 )
Heap:
 def new generation   total 10880K, used 426K [0x04a00000, 0x055c0000, 0x09f50000)
  eden space 9728K,   4% used [0x04a00000, 0x04a6a9e8, 0x05380000)
  from space 1152K,   0% used [0x05380000, 0x05380000, 0x054a0000)
  to   space 1152K,   0% used [0x054a0000, 0x054a0000, 0x055c0000)
 tenured generation   total 24004K, used 16990K [0x09f50000, 0x0b6c1000, 0x14a00000)
   the space 24004K,  70% used [0x09f50000, 0x0afe7880, 0x0afe7a00, 0x0b6c1000)
 Metaspace       used 33256K, capacity 34360K, committed 34432K, reserved 36224K
GC Heap History (10 events):
Event: 10.198 GC heap before
{Heap before GC invocations=134 (full 3):
 def new generation   total 10880K, used 10700K [0x04a00000, 0x055c0000, 0x09f50000)
  eden space 9728K, 100% used [0x04a00000, 0x05380000, 0x05380000)
  from space 1152K,  84% used [0x05380000, 0x054731f8, 0x054a0000)
  to   space 1152K,   0% used [0x054a0000, 0x054a0000, 0x055c0000)
 tenured generation   total 24004K, used 17285K [0x09f50000, 0x0b6c1000, 0x14a00000)
   the space 24004K,  72% used [0x09f50000, 0x0b0315f8, 0x0b031600, 0x0b6c1000)
 Metaspace       used 31383K, capacity 32441K, committed 32512K, reserved 33152K
Event: 10.203 GC heap after
Heap after GC invocations=135 (full 3):
 def new generation   total 10880K, used 832K [0x04a00000, 0x055c0000, 0x09f50000)
  eden space 9728K,   0% used [0x04a00000, 0x04a00000, 0x05380000)
  from space 1152K,  72% used [0x054a0000, 0x05570010, 0x055c0000)
  to   space 1152K,   0% used [0x05380000, 0x05380000, 0x054a0000)
 tenured generation   total 24004K, used 17435K [0x09f50000, 0x0b6c1000, 0x14a00000)
   the space 24004K,  72% used [0x09f50000, 0x0b056f80, 0x0b057000, 0x0b6c1000)
 Metaspace       used 31383K, capacity 32441K, committed 32512K, reserved 33152K
}
Event: 10.335 GC heap before
{Heap before GC invocations=135 (full 3):
 def new generation   total 10880K, used 10560K [0x04a00000, 0x055c0000, 0x09f50000)
  eden space 9728K, 100% used [0x04a00000, 0x05380000, 0x05380000)
  from space 1152K,  72% used [0x054a0000, 0x05570010, 0x055c0000)
  to   space 1152K,   0% used [0x05380000, 0x05380000, 0x054a0000)
 tenured generation   total 24004K, used 17435K [0x09f50000, 0x0b6c1000, 0x14a00000)
   the space 24004K,  72% used [0x09f50000, 0x0b056f80, 0x0b057000, 0x0b6c1000)
 Metaspace       used 32182K, capacity 33219K, committed 33280K, reserved 34176K
Event: 10.339 GC heap after
Heap after GC invocations=136 (full 3):
 def new generation   total 10880K, used 1021K [0x04a00000, 0x055c0000, 0x09f50000)
  eden space 9728K,   0% used [0x04a00000, 0x04a00000, 0x05380000)
  from space 1152K,  88% used [0x05380000, 0x0547f7d0, 0x054a0000)
  to   space 1152K,   0% used [0x054a0000, 0x054a0000, 0x055c0000)
 tenured generation   total 24004K, used 17634K [0x09f50000, 0x0b6c1000, 0x14a00000)
   the space 24004K,  73% used [0x09f50000, 0x0b088a20, 0x0b088c00, 0x0b6c1000)
 Metaspace       used 32182K, capacity 33219K, committed 33280K, reserved 34176K
}
Event: 10.448 GC heap before
{Heap before GC invocations=136 (full 3):
 def new generation   total 10880K, used 10749K [0x04a00000, 0x055c0000, 0x09f50000)
  eden space 9728K, 100% used [0x04a00000, 0x05380000, 0x05380000)
  from space 1152K,  88% used [0x05380000, 0x0547f7d0, 0x054a0000)
  to   space 1152K,   0% used [0x054a0000, 0x054a0000, 0x055c0000)
 tenured generation   total 24004K, used 17634K [0x09f50000, 0x0b6c1000, 0x14a00000)
   the space 24004K,  73% used [0x09f50000, 0x0b088a20, 0x0b088c00, 0x0b6c1000)
 Metaspace       used 32780K, capacity 33803K, committed 33920K, reserved 34176K
Event: 10.452 GC heap after
Heap after GC invocations=137 (full 3):
 def new generation   total 10880K, used 1047K [0x04a00000, 0x055c0000, 0x09f50000)
  eden space 9728K,   0% used [0x04a00000, 0x04a00000, 0x05380000)
  from space 1152K,  90% used [0x054a0000, 0x055a5f38, 0x055c0000)
  to   space 1152K,   0% used [0x05380000, 0x05380000, 0x054a0000)
 tenured generation   total 24004K, used 17779K [0x09f50000, 0x0b6c1000, 0x14a00000)
   the space 24004K,  74% used [0x09f50000, 0x0b0acf60, 0x0b0ad000, 0x0b6c1000)
 Metaspace       used 32780K, capacity 33803K, committed 33920K, reserved 34176K
}
Event: 10.528 GC heap before
{Heap before GC invocations=137 (full 3):
 def new generation   total 10880K, used 10775K [0x04a00000, 0x055c0000, 0x09f50000)
  eden space 9728K, 100% used [0x04a00000, 0x05380000, 0x05380000)
  from space 1152K,  90% used [0x054a0000, 0x055a5f38, 0x055c0000)
  to   space 1152K,   0% used [0x05380000, 0x05380000, 0x054a0000)
 tenured generation   total 24004K, used 17779K [0x09f50000, 0x0b6c1000, 0x14a00000)
   the space 24004K,  74% used [0x09f50000, 0x0b0acf60, 0x0b0ad000, 0x0b6c1000)
 Metaspace       used 32926K, capacity 33975K, committed 34048K, reserved 34176K
Event: 10.532 GC heap after
Heap after GC invocations=138 (full 3):
 def new generation   total 10880K, used 551K [0x04a00000, 0x055c0000, 0x09f50000)
  eden space 9728K,   0% used [0x04a00000, 0x04a00000, 0x05380000)
  from space 1152K,  47% used [0x05380000, 0x05409df0, 0x054a0000)
  to   space 1152K,   0% used [0x054a0000, 0x054a0000, 0x055c0000)
 tenured generation   total 24004K, used 18033K [0x09f50000, 0x0b6c1000, 0x14a00000)
   the space 24004K,  75% used [0x09f50000, 0x0b0ec590, 0x0b0ec600, 0x0b6c1000)
 Metaspace       used 32926K, capacity 33975K, committed 34048K, reserved 34176K
}
Event: 10.603 GC heap before
{Heap before GC invocations=138 (full 3):
 def new generation   total 10880K, used 6896K [0x04a00000, 0x055c0000, 0x09f50000)
  eden space 9728K,  65% used [0x04a00000, 0x05032528, 0x05380000)
  from space 1152K,  47% used [0x05380000, 0x05409df0, 0x054a0000)
  to   space 1152K,   0% used [0x054a0000, 0x054a0000, 0x055c0000)
 tenured generation   total 24004K, used 18033K [0x09f50000, 0x0b6c1000, 0x14a00000)
   the space 24004K,  75% used [0x09f50000, 0x0b0ec590, 0x0b0ec600, 0x0b6c1000)
 Metaspace       used 33217K, capacity 34296K, committed 34304K, reserved 37248K
Event: 10.680 GC heap after
Heap after GC invocations=139 (full 4):
 def new generation   total 10880K, used 0K [0x04a00000, 0x055c0000, 0x09f50000)
  eden space 9728K,   0% used [0x04a00000, 0x04a00000, 0x05380000)
  from space 1152K,   0% used [0x05380000, 0x05380000, 0x054a0000)
  to   space 1152K,   0% used [0x054a0000, 0x054a0000, 0x055c0000)
 tenured generation   total 24004K, used 16990K [0x09f50000, 0x0b6c1000, 0x14a00000)
   the space 24004K,  70% used [0x09f50000, 0x0afe7880, 0x0afe7a00, 0x0b6c1000)
 Metaspace       used 33217K, capacity 34296K, committed 34304K, reserved 36224K
}

